2019-08-21 12:50:53,203 [Worker-9: Loading available Gradle versions] INFO  o.e.b.c.i.u.g.PublishedGradleVersions - Gradle version information cache is up-to-date. Trying to read.
2019-08-21 12:52:17,836 [Worker-19: Building workspace] INFO  o.e.m.c.i.l.LifecycleMappingFactory - Using DEFAULT lifecycle mapping for MavenProject: ic.ac.uk.itl:ic.ac.uk.itl:1.0.0-SNAPSHOT @ /Users/gonewiththewind/eclipse-xtext-itl/ic.ac.uk.itl.parent/ic.ac.uk.itl/pom.xml.
2019-08-21 12:52:19,123 [Worker-21: Updating Maven Dependencies] INFO  o.e.m.c.i.l.LifecycleMappingFactory - Using DEFAULT lifecycle mapping for MavenProject: ic.ac.uk.itl:ic.ac.uk.itl:1.0.0-SNAPSHOT @ /Users/gonewiththewind/eclipse-xtext-itl/ic.ac.uk.itl.parent/ic.ac.uk.itl/pom.xml.
2019-08-21 12:52:19,208 [Worker-21: Updating Maven Dependencies] INFO  o.e.m.c.i.l.LifecycleMappingFactory - Using DEFAULT lifecycle mapping for MavenProject: ic.ac.uk.itl:ic.ac.uk.itl.ide:1.0.0-SNAPSHOT @ /Users/gonewiththewind/eclipse-xtext-itl/ic.ac.uk.itl.parent/ic.ac.uk.itl.ide/pom.xml.
2019-08-21 12:52:19,220 [Worker-21: Updating Maven Dependencies] INFO  o.e.m.c.i.l.LifecycleMappingFactory - Using NULL lifecycle mapping for MavenProject: ic.ac.uk.itl:ic.ac.uk.itl.parent:1.0.0-SNAPSHOT @ /Users/gonewiththewind/eclipse-xtext-itl/ic.ac.uk.itl.parent/pom.xml.
2019-08-21 12:52:19,405 [Worker-21: Updating Maven Dependencies] INFO  o.e.m.c.i.l.LifecycleMappingFactory - Using DEFAULT lifecycle mapping for MavenProject: ic.ac.uk.itl:ic.ac.uk.itl.ui:1.0.0-SNAPSHOT @ /Users/gonewiththewind/eclipse-xtext-itl/ic.ac.uk.itl.parent/ic.ac.uk.itl.ui/pom.xml.
2019-08-21 12:52:20,389 [Worker-21: Updating Maven Dependencies] INFO  o.e.m.c.i.l.LifecycleMappingFactory - Using org.eclipse.m2e.jdt.JarLifecycleMapping lifecycle mapping for MavenProject: ic.ac.uk.itl:ic.ac.uk.itl.web:1.0.0-SNAPSHOT @ /Users/gonewiththewind/eclipse-xtext-itl/ic.ac.uk.itl.parent/ic.ac.uk.itl.web/pom.xml.
2019-08-21 12:52:21,270 [Worker-21: Updating Maven Dependencies] INFO  o.e.m.c.i.p.WorkspaceClassifierResolverManager - Resolving P/ic.ac.uk.itl: ic.ac.uk.itl:ic.ac.uk.itl:1.0.0-SNAPSHOT with classifier  to /ic.ac.uk.itl/target/classes
2019-08-21 12:52:21,270 [Worker-21: Updating Maven Dependencies] INFO  o.e.m.c.i.p.WorkspaceClassifierResolverManager - Resolving P/ic.ac.uk.itl.ide: ic.ac.uk.itl:ic.ac.uk.itl.ide:1.0.0-SNAPSHOT with classifier  to /ic.ac.uk.itl.ide/target/classes
2019-08-21 12:52:27,022 [Worker-19: Building workspace] INFO  o.e.m.c.i.l.LifecycleMappingFactory - Using DEFAULT lifecycle mapping for MavenProject: ic.ac.uk.itl:ic.ac.uk.itl.target:1.0.0-SNAPSHOT @ /Users/gonewiththewind/eclipse-xtext-itl/ic.ac.uk.itl.parent/ic.ac.uk.itl.target/pom.xml.
2019-08-21 12:52:27,189 [Worker-19: Building workspace] INFO  o.e.m.c.i.l.LifecycleMappingFactory - Using DEFAULT lifecycle mapping for MavenProject: ic.ac.uk.itl:ic.ac.uk.itl.tests:1.0.0-SNAPSHOT @ /Users/gonewiththewind/eclipse-xtext-itl/ic.ac.uk.itl.parent/ic.ac.uk.itl.tests/pom.xml.
2019-08-21 12:52:32,249 [Worker-1: Building workspace] INFO  o.e.m.c.i.l.LifecycleMappingFactory - Using DEFAULT lifecycle mapping for MavenProject: ic.ac.uk.itl:ic.ac.uk.itl.ui.tests:1.0.0-SNAPSHOT @ /Users/gonewiththewind/eclipse-xtext-itl/ic.ac.uk.itl.parent/ic.ac.uk.itl.ui.tests/pom.xml.
2019-08-21 12:52:33,034 [Worker-1: Building workspace] INFO  o.e.m.c.i.p.WorkspaceClassifierResolverManager - Resolving P/ic.ac.uk.itl: ic.ac.uk.itl:ic.ac.uk.itl:1.0.0-SNAPSHOT with classifier  to /ic.ac.uk.itl/target/classes
2019-08-21 12:52:33,034 [Worker-1: Building workspace] INFO  o.e.m.c.i.p.WorkspaceClassifierResolverManager - Resolving P/ic.ac.uk.itl.ide: ic.ac.uk.itl:ic.ac.uk.itl.ide:1.0.0-SNAPSHOT with classifier  to /ic.ac.uk.itl.ide/target/classes
2019-08-21 12:52:58,586 [Worker-1: Building workspace] INFO  o.e.m.c.i.p.WorkspaceClassifierResolverManager - Resolving P/ic.ac.uk.itl: ic.ac.uk.itl:ic.ac.uk.itl:1.0.0-SNAPSHOT with classifier  to /ic.ac.uk.itl/target/classes
2019-08-21 12:52:58,587 [Worker-1: Building workspace] INFO  o.e.m.c.i.p.WorkspaceClassifierResolverManager - Resolving P/ic.ac.uk.itl.ide: ic.ac.uk.itl:ic.ac.uk.itl.ide:1.0.0-SNAPSHOT with classifier  to /ic.ac.uk.itl.ide/target/classes
2019-08-21 12:53:00,829 [Worker-1: Building workspace] INFO  o.e.m.c.i.p.WorkspaceClassifierResolverManager - Resolving P/ic.ac.uk.itl: ic.ac.uk.itl:ic.ac.uk.itl:1.0.0-SNAPSHOT with classifier  to /ic.ac.uk.itl/target/classes
2019-08-21 12:53:00,829 [Worker-1: Building workspace] INFO  o.e.m.c.i.p.WorkspaceClassifierResolverManager - Resolving P/ic.ac.uk.itl.ide: ic.ac.uk.itl:ic.ac.uk.itl.ide:1.0.0-SNAPSHOT with classifier  to /ic.ac.uk.itl.ide/target/classes
2019-08-21 12:53:09,656 [Worker-20: Building workspace] INFO  o.e.m.c.i.p.WorkspaceClassifierResolverManager - Resolving P/ic.ac.uk.itl: ic.ac.uk.itl:ic.ac.uk.itl:1.0.0-SNAPSHOT with classifier  to /ic.ac.uk.itl/target/classes
2019-08-21 12:53:09,657 [Worker-20: Building workspace] INFO  o.e.m.c.i.p.WorkspaceClassifierResolverManager - Resolving P/ic.ac.uk.itl.ide: ic.ac.uk.itl:ic.ac.uk.itl.ide:1.0.0-SNAPSHOT with classifier  to /ic.ac.uk.itl.ide/target/classes
2019-08-21 12:53:09,982 [Worker-20: Building workspace] INFO  o.e.m.c.i.p.WorkspaceClassifierResolverManager - Resolving P/ic.ac.uk.itl: ic.ac.uk.itl:ic.ac.uk.itl:1.0.0-SNAPSHOT with classifier  to /ic.ac.uk.itl/target/classes
2019-08-21 12:53:09,983 [Worker-20: Building workspace] INFO  o.e.m.c.i.p.WorkspaceClassifierResolverManager - Resolving P/ic.ac.uk.itl.ide: ic.ac.uk.itl:ic.ac.uk.itl.ide:1.0.0-SNAPSHOT with classifier  to /ic.ac.uk.itl.ide/target/classes
2019-08-21 12:56:33,949 [Worker-19: Launching ServerLauncher] INFO  o.e.m.c.i.p.WorkspaceClassifierResolverManager - Resolving P/ic.ac.uk.itl: ic.ac.uk.itl:ic.ac.uk.itl:1.0.0-SNAPSHOT with classifier null to /ic.ac.uk.itl/target/classes
2019-08-21 12:56:33,951 [Worker-19: Launching ServerLauncher] INFO  o.e.m.c.i.p.WorkspaceClassifierResolverManager - Resolving P/ic.ac.uk.itl.ide: ic.ac.uk.itl:ic.ac.uk.itl.ide:1.0.0-SNAPSHOT with classifier null to /ic.ac.uk.itl.ide/target/classes
2019-08-21 12:56:34,123 [Worker-19: Launching ServerLauncher] INFO  o.e.m.c.i.p.WorkspaceClassifierResolverManager - Resolving P/ic.ac.uk.itl: ic.ac.uk.itl:ic.ac.uk.itl:1.0.0-SNAPSHOT with classifier null to /ic.ac.uk.itl/target/classes
2019-08-21 12:56:34,123 [Worker-19: Launching ServerLauncher] INFO  o.e.m.c.i.p.WorkspaceClassifierResolverManager - Resolving P/ic.ac.uk.itl.ide: ic.ac.uk.itl:ic.ac.uk.itl.ide:1.0.0-SNAPSHOT with classifier null to /ic.ac.uk.itl.ide/target/classes
2019-08-21 12:56:34,283 [Worker-19: Launching ServerLauncher] INFO  o.e.m.c.i.p.WorkspaceClassifierResolverManager - Resolving P/ic.ac.uk.itl: ic.ac.uk.itl:ic.ac.uk.itl:1.0.0-SNAPSHOT with classifier null to /ic.ac.uk.itl/target/classes
2019-08-21 12:56:34,283 [Worker-19: Launching ServerLauncher] INFO  o.e.m.c.i.p.WorkspaceClassifierResolverManager - Resolving P/ic.ac.uk.itl.ide: ic.ac.uk.itl:ic.ac.uk.itl.ide:1.0.0-SNAPSHOT with classifier null to /ic.ac.uk.itl.ide/target/classes
2019-08-21 12:58:28,456 [Worker-20: Building workspace] INFO  o.e.m.c.i.p.WorkspaceClassifierResolverManager - Resolving P/ic.ac.uk.itl: ic.ac.uk.itl:ic.ac.uk.itl:1.0.0-SNAPSHOT with classifier  to /ic.ac.uk.itl/target/classes
2019-08-21 12:58:28,456 [Worker-20: Building workspace] INFO  o.e.m.c.i.p.WorkspaceClassifierResolverManager - Resolving P/ic.ac.uk.itl.ide: ic.ac.uk.itl:ic.ac.uk.itl.ide:1.0.0-SNAPSHOT with classifier  to /ic.ac.uk.itl.ide/target/classes
2019-08-21 12:58:28,764 [Worker-20: Building workspace] INFO  o.e.m.c.i.p.WorkspaceClassifierResolverManager - Resolving P/ic.ac.uk.itl: ic.ac.uk.itl:ic.ac.uk.itl:1.0.0-SNAPSHOT with classifier  to /ic.ac.uk.itl/target/classes
2019-08-21 12:58:28,764 [Worker-20: Building workspace] INFO  o.e.m.c.i.p.WorkspaceClassifierResolverManager - Resolving P/ic.ac.uk.itl.ide: ic.ac.uk.itl:ic.ac.uk.itl.ide:1.0.0-SNAPSHOT with classifier  to /ic.ac.uk.itl.ide/target/classes
2019-08-21 12:58:34,100 [Worker-25: Launching ServerLauncher] INFO  o.e.m.c.i.p.WorkspaceClassifierResolverManager - Resolving P/ic.ac.uk.itl: ic.ac.uk.itl:ic.ac.uk.itl:1.0.0-SNAPSHOT with classifier null to /ic.ac.uk.itl/target/classes
2019-08-21 12:58:34,101 [Worker-25: Launching ServerLauncher] INFO  o.e.m.c.i.p.WorkspaceClassifierResolverManager - Resolving P/ic.ac.uk.itl.ide: ic.ac.uk.itl:ic.ac.uk.itl.ide:1.0.0-SNAPSHOT with classifier null to /ic.ac.uk.itl.ide/target/classes
2019-08-21 12:58:34,276 [Worker-25: Launching ServerLauncher] INFO  o.e.m.c.i.p.WorkspaceClassifierResolverManager - Resolving P/ic.ac.uk.itl: ic.ac.uk.itl:ic.ac.uk.itl:1.0.0-SNAPSHOT with classifier null to /ic.ac.uk.itl/target/classes
2019-08-21 12:58:34,276 [Worker-25: Launching ServerLauncher] INFO  o.e.m.c.i.p.WorkspaceClassifierResolverManager - Resolving P/ic.ac.uk.itl.ide: ic.ac.uk.itl:ic.ac.uk.itl.ide:1.0.0-SNAPSHOT with classifier null to /ic.ac.uk.itl.ide/target/classes
2019-08-21 12:58:34,400 [Worker-25: Launching ServerLauncher] INFO  o.e.m.c.i.p.WorkspaceClassifierResolverManager - Resolving P/ic.ac.uk.itl: ic.ac.uk.itl:ic.ac.uk.itl:1.0.0-SNAPSHOT with classifier null to /ic.ac.uk.itl/target/classes
2019-08-21 12:58:34,400 [Worker-25: Launching ServerLauncher] INFO  o.e.m.c.i.p.WorkspaceClassifierResolverManager - Resolving P/ic.ac.uk.itl.ide: ic.ac.uk.itl:ic.ac.uk.itl.ide:1.0.0-SNAPSHOT with classifier null to /ic.ac.uk.itl.ide/target/classes
2019-08-21 13:00:30,681 [Worker-23: Launching ServerLauncher] INFO  o.e.m.c.i.p.WorkspaceClassifierResolverManager - Resolving P/ic.ac.uk.itl: ic.ac.uk.itl:ic.ac.uk.itl:1.0.0-SNAPSHOT with classifier null to /ic.ac.uk.itl/target/classes
2019-08-21 13:00:30,683 [Worker-23: Launching ServerLauncher] INFO  o.e.m.c.i.p.WorkspaceClassifierResolverManager - Resolving P/ic.ac.uk.itl.ide: ic.ac.uk.itl:ic.ac.uk.itl.ide:1.0.0-SNAPSHOT with classifier null to /ic.ac.uk.itl.ide/target/classes
2019-08-21 13:00:30,852 [Worker-23: Launching ServerLauncher] INFO  o.e.m.c.i.p.WorkspaceClassifierResolverManager - Resolving P/ic.ac.uk.itl: ic.ac.uk.itl:ic.ac.uk.itl:1.0.0-SNAPSHOT with classifier null to /ic.ac.uk.itl/target/classes
2019-08-21 13:00:30,852 [Worker-23: Launching ServerLauncher] INFO  o.e.m.c.i.p.WorkspaceClassifierResolverManager - Resolving P/ic.ac.uk.itl.ide: ic.ac.uk.itl:ic.ac.uk.itl.ide:1.0.0-SNAPSHOT with classifier null to /ic.ac.uk.itl.ide/target/classes
2019-08-21 13:00:31,024 [Worker-23: Launching ServerLauncher] INFO  o.e.m.c.i.p.WorkspaceClassifierResolverManager - Resolving P/ic.ac.uk.itl: ic.ac.uk.itl:ic.ac.uk.itl:1.0.0-SNAPSHOT with classifier null to /ic.ac.uk.itl/target/classes
2019-08-21 13:00:31,025 [Worker-23: Launching ServerLauncher] INFO  o.e.m.c.i.p.WorkspaceClassifierResolverManager - Resolving P/ic.ac.uk.itl.ide: ic.ac.uk.itl:ic.ac.uk.itl.ide:1.0.0-SNAPSHOT with classifier null to /ic.ac.uk.itl.ide/target/classes
2019-08-21 13:01:10,422 [Worker-20: Building workspace] INFO  o.e.m.c.i.p.WorkspaceClassifierResolverManager - Resolving P/ic.ac.uk.itl: ic.ac.uk.itl:ic.ac.uk.itl:1.0.0-SNAPSHOT with classifier  to /ic.ac.uk.itl/target/classes
2019-08-21 13:01:10,423 [Worker-20: Building workspace] INFO  o.e.m.c.i.p.WorkspaceClassifierResolverManager - Resolving P/ic.ac.uk.itl.ide: ic.ac.uk.itl:ic.ac.uk.itl.ide:1.0.0-SNAPSHOT with classifier  to /ic.ac.uk.itl.ide/target/classes
2019-08-21 13:01:10,709 [Worker-20: Building workspace] INFO  o.e.m.c.i.p.WorkspaceClassifierResolverManager - Resolving P/ic.ac.uk.itl: ic.ac.uk.itl:ic.ac.uk.itl:1.0.0-SNAPSHOT with classifier  to /ic.ac.uk.itl/target/classes
2019-08-21 13:01:10,709 [Worker-20: Building workspace] INFO  o.e.m.c.i.p.WorkspaceClassifierResolverManager - Resolving P/ic.ac.uk.itl.ide: ic.ac.uk.itl:ic.ac.uk.itl.ide:1.0.0-SNAPSHOT with classifier  to /ic.ac.uk.itl.ide/target/classes
2019-08-21 13:01:10,989 [Worker-25: Launching ServerLauncher] INFO  o.e.m.c.i.p.WorkspaceClassifierResolverManager - Resolving P/ic.ac.uk.itl: ic.ac.uk.itl:ic.ac.uk.itl:1.0.0-SNAPSHOT with classifier null to /ic.ac.uk.itl/target/classes
2019-08-21 13:01:10,990 [Worker-25: Launching ServerLauncher] INFO  o.e.m.c.i.p.WorkspaceClassifierResolverManager - Resolving P/ic.ac.uk.itl.ide: ic.ac.uk.itl:ic.ac.uk.itl.ide:1.0.0-SNAPSHOT with classifier null to /ic.ac.uk.itl.ide/target/classes
2019-08-21 13:01:11,192 [Worker-25: Launching ServerLauncher] INFO  o.e.m.c.i.p.WorkspaceClassifierResolverManager - Resolving P/ic.ac.uk.itl: ic.ac.uk.itl:ic.ac.uk.itl:1.0.0-SNAPSHOT with classifier null to /ic.ac.uk.itl/target/classes
2019-08-21 13:01:11,192 [Worker-25: Launching ServerLauncher] INFO  o.e.m.c.i.p.WorkspaceClassifierResolverManager - Resolving P/ic.ac.uk.itl.ide: ic.ac.uk.itl:ic.ac.uk.itl.ide:1.0.0-SNAPSHOT with classifier null to /ic.ac.uk.itl.ide/target/classes
2019-08-21 13:01:11,323 [Worker-25: Launching ServerLauncher] INFO  o.e.m.c.i.p.WorkspaceClassifierResolverManager - Resolving P/ic.ac.uk.itl: ic.ac.uk.itl:ic.ac.uk.itl:1.0.0-SNAPSHOT with classifier null to /ic.ac.uk.itl/target/classes
2019-08-21 13:01:11,323 [Worker-25: Launching ServerLauncher] INFO  o.e.m.c.i.p.WorkspaceClassifierResolverManager - Resolving P/ic.ac.uk.itl.ide: ic.ac.uk.itl:ic.ac.uk.itl.ide:1.0.0-SNAPSHOT with classifier null to /ic.ac.uk.itl.ide/target/classes
2019-08-21 13:03:26,928 [Worker-26: Building workspace] INFO  o.e.m.c.i.p.WorkspaceClassifierResolverManager - Resolving P/ic.ac.uk.itl: ic.ac.uk.itl:ic.ac.uk.itl:1.0.0-SNAPSHOT with classifier  to /ic.ac.uk.itl/target/classes
2019-08-21 13:03:26,928 [Worker-26: Building workspace] INFO  o.e.m.c.i.p.WorkspaceClassifierResolverManager - Resolving P/ic.ac.uk.itl.ide: ic.ac.uk.itl:ic.ac.uk.itl.ide:1.0.0-SNAPSHOT with classifier  to /ic.ac.uk.itl.ide/target/classes
2019-08-21 13:03:27,238 [Worker-26: Building workspace] INFO  o.e.m.c.i.p.WorkspaceClassifierResolverManager - Resolving P/ic.ac.uk.itl: ic.ac.uk.itl:ic.ac.uk.itl:1.0.0-SNAPSHOT with classifier  to /ic.ac.uk.itl/target/classes
2019-08-21 13:03:27,238 [Worker-26: Building workspace] INFO  o.e.m.c.i.p.WorkspaceClassifierResolverManager - Resolving P/ic.ac.uk.itl.ide: ic.ac.uk.itl:ic.ac.uk.itl.ide:1.0.0-SNAPSHOT with classifier  to /ic.ac.uk.itl.ide/target/classes
2019-08-21 13:03:29,854 [Worker-27: Launching ServerLauncher] INFO  o.e.m.c.i.p.WorkspaceClassifierResolverManager - Resolving P/ic.ac.uk.itl: ic.ac.uk.itl:ic.ac.uk.itl:1.0.0-SNAPSHOT with classifier null to /ic.ac.uk.itl/target/classes
2019-08-21 13:03:29,854 [Worker-27: Launching ServerLauncher] INFO  o.e.m.c.i.p.WorkspaceClassifierResolverManager - Resolving P/ic.ac.uk.itl.ide: ic.ac.uk.itl:ic.ac.uk.itl.ide:1.0.0-SNAPSHOT with classifier null to /ic.ac.uk.itl.ide/target/classes
2019-08-21 13:03:30,068 [Worker-27: Launching ServerLauncher] INFO  o.e.m.c.i.p.WorkspaceClassifierResolverManager - Resolving P/ic.ac.uk.itl: ic.ac.uk.itl:ic.ac.uk.itl:1.0.0-SNAPSHOT with classifier null to /ic.ac.uk.itl/target/classes
2019-08-21 13:03:30,068 [Worker-27: Launching ServerLauncher] INFO  o.e.m.c.i.p.WorkspaceClassifierResolverManager - Resolving P/ic.ac.uk.itl.ide: ic.ac.uk.itl:ic.ac.uk.itl.ide:1.0.0-SNAPSHOT with classifier null to /ic.ac.uk.itl.ide/target/classes
2019-08-21 13:03:30,191 [Worker-27: Launching ServerLauncher] INFO  o.e.m.c.i.p.WorkspaceClassifierResolverManager - Resolving P/ic.ac.uk.itl: ic.ac.uk.itl:ic.ac.uk.itl:1.0.0-SNAPSHOT with classifier null to /ic.ac.uk.itl/target/classes
2019-08-21 13:03:30,191 [Worker-27: Launching ServerLauncher] INFO  o.e.m.c.i.p.WorkspaceClassifierResolverManager - Resolving P/ic.ac.uk.itl.ide: ic.ac.uk.itl:ic.ac.uk.itl.ide:1.0.0-SNAPSHOT with classifier null to /ic.ac.uk.itl.ide/target/classes
2019-08-21 13:07:52,969 [Worker-27: Building workspace] INFO  o.e.m.c.i.p.WorkspaceClassifierResolverManager - Resolving P/ic.ac.uk.itl: ic.ac.uk.itl:ic.ac.uk.itl:1.0.0-SNAPSHOT with classifier  to /ic.ac.uk.itl/target/classes
2019-08-21 13:07:52,969 [Worker-27: Building workspace] INFO  o.e.m.c.i.p.WorkspaceClassifierResolverManager - Resolving P/ic.ac.uk.itl.ide: ic.ac.uk.itl:ic.ac.uk.itl.ide:1.0.0-SNAPSHOT with classifier  to /ic.ac.uk.itl.ide/target/classes
2019-08-21 13:07:53,278 [Worker-27: Building workspace] INFO  o.e.m.c.i.p.WorkspaceClassifierResolverManager - Resolving P/ic.ac.uk.itl: ic.ac.uk.itl:ic.ac.uk.itl:1.0.0-SNAPSHOT with classifier  to /ic.ac.uk.itl/target/classes
2019-08-21 13:07:53,278 [Worker-27: Building workspace] INFO  o.e.m.c.i.p.WorkspaceClassifierResolverManager - Resolving P/ic.ac.uk.itl.ide: ic.ac.uk.itl:ic.ac.uk.itl.ide:1.0.0-SNAPSHOT with classifier  to /ic.ac.uk.itl.ide/target/classes
2019-08-21 13:07:59,619 [Worker-30: Launching ServerLauncher] INFO  o.e.m.c.i.p.WorkspaceClassifierResolverManager - Resolving P/ic.ac.uk.itl: ic.ac.uk.itl:ic.ac.uk.itl:1.0.0-SNAPSHOT with classifier null to /ic.ac.uk.itl/target/classes
2019-08-21 13:07:59,619 [Worker-30: Launching ServerLauncher] INFO  o.e.m.c.i.p.WorkspaceClassifierResolverManager - Resolving P/ic.ac.uk.itl.ide: ic.ac.uk.itl:ic.ac.uk.itl.ide:1.0.0-SNAPSHOT with classifier null to /ic.ac.uk.itl.ide/target/classes
2019-08-21 13:07:59,736 [Worker-30: Launching ServerLauncher] INFO  o.e.m.c.i.p.WorkspaceClassifierResolverManager - Resolving P/ic.ac.uk.itl: ic.ac.uk.itl:ic.ac.uk.itl:1.0.0-SNAPSHOT with classifier null to /ic.ac.uk.itl/target/classes
2019-08-21 13:07:59,737 [Worker-30: Launching ServerLauncher] INFO  o.e.m.c.i.p.WorkspaceClassifierResolverManager - Resolving P/ic.ac.uk.itl.ide: ic.ac.uk.itl:ic.ac.uk.itl.ide:1.0.0-SNAPSHOT with classifier null to /ic.ac.uk.itl.ide/target/classes
2019-08-21 13:07:59,849 [Worker-30: Launching ServerLauncher] INFO  o.e.m.c.i.p.WorkspaceClassifierResolverManager - Resolving P/ic.ac.uk.itl: ic.ac.uk.itl:ic.ac.uk.itl:1.0.0-SNAPSHOT with classifier null to /ic.ac.uk.itl/target/classes
2019-08-21 13:07:59,849 [Worker-30: Launching ServerLauncher] INFO  o.e.m.c.i.p.WorkspaceClassifierResolverManager - Resolving P/ic.ac.uk.itl.ide: ic.ac.uk.itl:ic.ac.uk.itl.ide:1.0.0-SNAPSHOT with classifier null to /ic.ac.uk.itl.ide/target/classes
2019-08-21 13:22:28,313 [Worker-34: Building workspace] INFO  o.e.m.c.i.p.WorkspaceClassifierResolverManager - Resolving P/ic.ac.uk.itl: ic.ac.uk.itl:ic.ac.uk.itl:1.0.0-SNAPSHOT with classifier  to /ic.ac.uk.itl/target/classes
2019-08-21 13:22:28,314 [Worker-34: Building workspace] INFO  o.e.m.c.i.p.WorkspaceClassifierResolverManager - Resolving P/ic.ac.uk.itl.ide: ic.ac.uk.itl:ic.ac.uk.itl.ide:1.0.0-SNAPSHOT with classifier  to /ic.ac.uk.itl.ide/target/classes
2019-08-21 13:22:28,630 [Worker-34: Building workspace] INFO  o.e.m.c.i.p.WorkspaceClassifierResolverManager - Resolving P/ic.ac.uk.itl: ic.ac.uk.itl:ic.ac.uk.itl:1.0.0-SNAPSHOT with classifier  to /ic.ac.uk.itl/target/classes
2019-08-21 13:22:28,631 [Worker-34: Building workspace] INFO  o.e.m.c.i.p.WorkspaceClassifierResolverManager - Resolving P/ic.ac.uk.itl.ide: ic.ac.uk.itl:ic.ac.uk.itl.ide:1.0.0-SNAPSHOT with classifier  to /ic.ac.uk.itl.ide/target/classes
2019-08-21 14:19:25,828 [Worker-1: Loading available Gradle versions] INFO  o.e.b.c.i.u.g.PublishedGradleVersions - Gradle version information cache is up-to-date. Trying to read.
2019-08-21 14:20:03,029 [Worker-13: Launching ServerLauncher] INFO  o.e.m.c.i.p.WorkspaceClassifierResolverManager - Resolving P/ic.ac.uk.itl: ic.ac.uk.itl:ic.ac.uk.itl:1.0.0-SNAPSHOT with classifier  to /ic.ac.uk.itl/target/classes
2019-08-21 14:20:03,029 [Worker-13: Launching ServerLauncher] INFO  o.e.m.c.i.p.WorkspaceClassifierResolverManager - Resolving P/ic.ac.uk.itl.ide: ic.ac.uk.itl:ic.ac.uk.itl.ide:1.0.0-SNAPSHOT with classifier  to /ic.ac.uk.itl.ide/target/classes
2019-08-21 14:20:03,063 [Worker-13: Launching ServerLauncher] INFO  o.e.m.c.i.p.WorkspaceClassifierResolverManager - Resolving P/ic.ac.uk.itl: ic.ac.uk.itl:ic.ac.uk.itl:1.0.0-SNAPSHOT with classifier null to /ic.ac.uk.itl/target/classes
2019-08-21 14:20:03,065 [Worker-13: Launching ServerLauncher] INFO  o.e.m.c.i.p.WorkspaceClassifierResolverManager - Resolving P/ic.ac.uk.itl.ide: ic.ac.uk.itl:ic.ac.uk.itl.ide:1.0.0-SNAPSHOT with classifier null to /ic.ac.uk.itl.ide/target/classes
2019-08-21 14:20:03,335 [Worker-13: Launching ServerLauncher] INFO  o.e.m.c.i.p.WorkspaceClassifierResolverManager - Resolving P/ic.ac.uk.itl: ic.ac.uk.itl:ic.ac.uk.itl:1.0.0-SNAPSHOT with classifier null to /ic.ac.uk.itl/target/classes
2019-08-21 14:20:03,335 [Worker-13: Launching ServerLauncher] INFO  o.e.m.c.i.p.WorkspaceClassifierResolverManager - Resolving P/ic.ac.uk.itl.ide: ic.ac.uk.itl:ic.ac.uk.itl.ide:1.0.0-SNAPSHOT with classifier null to /ic.ac.uk.itl.ide/target/classes
2019-08-21 14:20:03,602 [Worker-13: Launching ServerLauncher] INFO  o.e.m.c.i.p.WorkspaceClassifierResolverManager - Resolving P/ic.ac.uk.itl: ic.ac.uk.itl:ic.ac.uk.itl:1.0.0-SNAPSHOT with classifier null to /ic.ac.uk.itl/target/classes
2019-08-21 14:20:03,602 [Worker-13: Launching ServerLauncher] INFO  o.e.m.c.i.p.WorkspaceClassifierResolverManager - Resolving P/ic.ac.uk.itl.ide: ic.ac.uk.itl:ic.ac.uk.itl.ide:1.0.0-SNAPSHOT with classifier null to /ic.ac.uk.itl.ide/target/classes
2019-08-21 14:20:35,716 [Worker-9: Launching ServerLauncher] INFO  o.e.m.c.i.p.WorkspaceClassifierResolverManager - Resolving P/ic.ac.uk.itl: ic.ac.uk.itl:ic.ac.uk.itl:1.0.0-SNAPSHOT with classifier null to /ic.ac.uk.itl/target/classes
2019-08-21 14:20:35,717 [Worker-9: Launching ServerLauncher] INFO  o.e.m.c.i.p.WorkspaceClassifierResolverManager - Resolving P/ic.ac.uk.itl.ide: ic.ac.uk.itl:ic.ac.uk.itl.ide:1.0.0-SNAPSHOT with classifier null to /ic.ac.uk.itl.ide/target/classes
2019-08-21 14:20:35,969 [Worker-9: Launching ServerLauncher] INFO  o.e.m.c.i.p.WorkspaceClassifierResolverManager - Resolving P/ic.ac.uk.itl: ic.ac.uk.itl:ic.ac.uk.itl:1.0.0-SNAPSHOT with classifier null to /ic.ac.uk.itl/target/classes
2019-08-21 14:20:35,969 [Worker-9: Launching ServerLauncher] INFO  o.e.m.c.i.p.WorkspaceClassifierResolverManager - Resolving P/ic.ac.uk.itl.ide: ic.ac.uk.itl:ic.ac.uk.itl.ide:1.0.0-SNAPSHOT with classifier null to /ic.ac.uk.itl.ide/target/classes
2019-08-21 14:20:36,173 [Worker-9: Launching ServerLauncher] INFO  o.e.m.c.i.p.WorkspaceClassifierResolverManager - Resolving P/ic.ac.uk.itl: ic.ac.uk.itl:ic.ac.uk.itl:1.0.0-SNAPSHOT with classifier null to /ic.ac.uk.itl/target/classes
2019-08-21 14:20:36,173 [Worker-9: Launching ServerLauncher] INFO  o.e.m.c.i.p.WorkspaceClassifierResolverManager - Resolving P/ic.ac.uk.itl.ide: ic.ac.uk.itl:ic.ac.uk.itl.ide:1.0.0-SNAPSHOT with classifier null to /ic.ac.uk.itl.ide/target/classes
2019-08-21 14:21:18,031 [Worker-9: Building workspace] INFO  o.e.m.c.i.p.WorkspaceClassifierResolverManager - Resolving P/ic.ac.uk.itl: ic.ac.uk.itl:ic.ac.uk.itl:1.0.0-SNAPSHOT with classifier  to /ic.ac.uk.itl/target/classes
2019-08-21 14:21:18,032 [Worker-9: Building workspace] INFO  o.e.m.c.i.p.WorkspaceClassifierResolverManager - Resolving P/ic.ac.uk.itl.ide: ic.ac.uk.itl:ic.ac.uk.itl.ide:1.0.0-SNAPSHOT with classifier  to /ic.ac.uk.itl.ide/target/classes
2019-08-21 14:21:18,649 [Worker-9: Building workspace] INFO  o.e.m.c.i.p.WorkspaceClassifierResolverManager - Resolving P/ic.ac.uk.itl: ic.ac.uk.itl:ic.ac.uk.itl:1.0.0-SNAPSHOT with classifier  to /ic.ac.uk.itl/target/classes
2019-08-21 14:21:18,650 [Worker-9: Building workspace] INFO  o.e.m.c.i.p.WorkspaceClassifierResolverManager - Resolving P/ic.ac.uk.itl.ide: ic.ac.uk.itl:ic.ac.uk.itl.ide:1.0.0-SNAPSHOT with classifier  to /ic.ac.uk.itl.ide/target/classes
2019-08-21 14:21:19,199 [Worker-5: Launching ServerLauncher] INFO  o.e.m.c.i.p.WorkspaceClassifierResolverManager - Resolving P/ic.ac.uk.itl: ic.ac.uk.itl:ic.ac.uk.itl:1.0.0-SNAPSHOT with classifier null to /ic.ac.uk.itl/target/classes
2019-08-21 14:21:19,200 [Worker-5: Launching ServerLauncher] INFO  o.e.m.c.i.p.WorkspaceClassifierResolverManager - Resolving P/ic.ac.uk.itl.ide: ic.ac.uk.itl:ic.ac.uk.itl.ide:1.0.0-SNAPSHOT with classifier null to /ic.ac.uk.itl.ide/target/classes
2019-08-21 14:21:19,351 [Worker-5: Launching ServerLauncher] INFO  o.e.m.c.i.p.WorkspaceClassifierResolverManager - Resolving P/ic.ac.uk.itl: ic.ac.uk.itl:ic.ac.uk.itl:1.0.0-SNAPSHOT with classifier null to /ic.ac.uk.itl/target/classes
2019-08-21 14:21:19,351 [Worker-5: Launching ServerLauncher] INFO  o.e.m.c.i.p.WorkspaceClassifierResolverManager - Resolving P/ic.ac.uk.itl.ide: ic.ac.uk.itl:ic.ac.uk.itl.ide:1.0.0-SNAPSHOT with classifier null to /ic.ac.uk.itl.ide/target/classes
2019-08-21 14:21:19,476 [Worker-5: Launching ServerLauncher] INFO  o.e.m.c.i.p.WorkspaceClassifierResolverManager - Resolving P/ic.ac.uk.itl: ic.ac.uk.itl:ic.ac.uk.itl:1.0.0-SNAPSHOT with classifier null to /ic.ac.uk.itl/target/classes
2019-08-21 14:21:19,476 [Worker-5: Launching ServerLauncher] INFO  o.e.m.c.i.p.WorkspaceClassifierResolverManager - Resolving P/ic.ac.uk.itl.ide: ic.ac.uk.itl:ic.ac.uk.itl.ide:1.0.0-SNAPSHOT with classifier null to /ic.ac.uk.itl.ide/target/classes
2019-08-21 14:22:25,047 [Worker-1: Building workspace] INFO  o.e.m.c.i.p.WorkspaceClassifierResolverManager - Resolving P/ic.ac.uk.itl: ic.ac.uk.itl:ic.ac.uk.itl:1.0.0-SNAPSHOT with classifier  to /ic.ac.uk.itl/target/classes
2019-08-21 14:22:25,047 [Worker-1: Building workspace] INFO  o.e.m.c.i.p.WorkspaceClassifierResolverManager - Resolving P/ic.ac.uk.itl.ide: ic.ac.uk.itl:ic.ac.uk.itl.ide:1.0.0-SNAPSHOT with classifier  to /ic.ac.uk.itl.ide/target/classes
2019-08-21 14:22:25,407 [Worker-1: Building workspace] INFO  o.e.m.c.i.p.WorkspaceClassifierResolverManager - Resolving P/ic.ac.uk.itl: ic.ac.uk.itl:ic.ac.uk.itl:1.0.0-SNAPSHOT with classifier  to /ic.ac.uk.itl/target/classes
2019-08-21 14:22:25,407 [Worker-1: Building workspace] INFO  o.e.m.c.i.p.WorkspaceClassifierResolverManager - Resolving P/ic.ac.uk.itl.ide: ic.ac.uk.itl:ic.ac.uk.itl.ide:1.0.0-SNAPSHOT with classifier  to /ic.ac.uk.itl.ide/target/classes
2019-08-21 14:22:46,171 [Worker-1: Building workspace] INFO  o.e.m.c.i.p.WorkspaceClassifierResolverManager - Resolving P/ic.ac.uk.itl: ic.ac.uk.itl:ic.ac.uk.itl:1.0.0-SNAPSHOT with classifier  to /ic.ac.uk.itl/target/classes
2019-08-21 14:22:46,171 [Worker-1: Building workspace] INFO  o.e.m.c.i.p.WorkspaceClassifierResolverManager - Resolving P/ic.ac.uk.itl.ide: ic.ac.uk.itl:ic.ac.uk.itl.ide:1.0.0-SNAPSHOT with classifier  to /ic.ac.uk.itl.ide/target/classes
2019-08-21 14:22:46,521 [Worker-1: Building workspace] INFO  o.e.m.c.i.p.WorkspaceClassifierResolverManager - Resolving P/ic.ac.uk.itl: ic.ac.uk.itl:ic.ac.uk.itl:1.0.0-SNAPSHOT with classifier  to /ic.ac.uk.itl/target/classes
2019-08-21 14:22:46,521 [Worker-1: Building workspace] INFO  o.e.m.c.i.p.WorkspaceClassifierResolverManager - Resolving P/ic.ac.uk.itl.ide: ic.ac.uk.itl:ic.ac.uk.itl.ide:1.0.0-SNAPSHOT with classifier  to /ic.ac.uk.itl.ide/target/classes
2019-08-21 14:22:53,874 [Worker-8: Launching ServerLauncher] INFO  o.e.m.c.i.p.WorkspaceClassifierResolverManager - Resolving P/ic.ac.uk.itl: ic.ac.uk.itl:ic.ac.uk.itl:1.0.0-SNAPSHOT with classifier null to /ic.ac.uk.itl/target/classes
2019-08-21 14:22:53,874 [Worker-8: Launching ServerLauncher] INFO  o.e.m.c.i.p.WorkspaceClassifierResolverManager - Resolving P/ic.ac.uk.itl.ide: ic.ac.uk.itl:ic.ac.uk.itl.ide:1.0.0-SNAPSHOT with classifier null to /ic.ac.uk.itl.ide/target/classes
2019-08-21 14:22:54,066 [Worker-8: Launching ServerLauncher] INFO  o.e.m.c.i.p.WorkspaceClassifierResolverManager - Resolving P/ic.ac.uk.itl: ic.ac.uk.itl:ic.ac.uk.itl:1.0.0-SNAPSHOT with classifier null to /ic.ac.uk.itl/target/classes
2019-08-21 14:22:54,066 [Worker-8: Launching ServerLauncher] INFO  o.e.m.c.i.p.WorkspaceClassifierResolverManager - Resolving P/ic.ac.uk.itl.ide: ic.ac.uk.itl:ic.ac.uk.itl.ide:1.0.0-SNAPSHOT with classifier null to /ic.ac.uk.itl.ide/target/classes
2019-08-21 14:22:54,230 [Worker-8: Launching ServerLauncher] INFO  o.e.m.c.i.p.WorkspaceClassifierResolverManager - Resolving P/ic.ac.uk.itl: ic.ac.uk.itl:ic.ac.uk.itl:1.0.0-SNAPSHOT with classifier null to /ic.ac.uk.itl/target/classes
2019-08-21 14:22:54,232 [Worker-8: Launching ServerLauncher] INFO  o.e.m.c.i.p.WorkspaceClassifierResolverManager - Resolving P/ic.ac.uk.itl.ide: ic.ac.uk.itl:ic.ac.uk.itl.ide:1.0.0-SNAPSHOT with classifier null to /ic.ac.uk.itl.ide/target/classes
2019-08-21 15:02:37,424 [Worker-24: Building workspace] INFO  o.e.m.c.i.p.WorkspaceClassifierResolverManager - Resolving P/ic.ac.uk.itl: ic.ac.uk.itl:ic.ac.uk.itl:1.0.0-SNAPSHOT with classifier  to /ic.ac.uk.itl/target/classes
2019-08-21 15:02:37,425 [Worker-24: Building workspace] INFO  o.e.m.c.i.p.WorkspaceClassifierResolverManager - Resolving P/ic.ac.uk.itl.ide: ic.ac.uk.itl:ic.ac.uk.itl.ide:1.0.0-SNAPSHOT with classifier  to /ic.ac.uk.itl.ide/target/classes
2019-08-21 15:02:37,859 [Worker-24: Building workspace] INFO  o.e.m.c.i.p.WorkspaceClassifierResolverManager - Resolving P/ic.ac.uk.itl: ic.ac.uk.itl:ic.ac.uk.itl:1.0.0-SNAPSHOT with classifier  to /ic.ac.uk.itl/target/classes
2019-08-21 15:02:37,859 [Worker-24: Building workspace] INFO  o.e.m.c.i.p.WorkspaceClassifierResolverManager - Resolving P/ic.ac.uk.itl.ide: ic.ac.uk.itl:ic.ac.uk.itl.ide:1.0.0-SNAPSHOT with classifier  to /ic.ac.uk.itl.ide/target/classes
2019-08-21 15:03:12,066 [Worker-17: Building workspace] INFO  o.e.m.c.i.p.WorkspaceClassifierResolverManager - Resolving P/ic.ac.uk.itl: ic.ac.uk.itl:ic.ac.uk.itl:1.0.0-SNAPSHOT with classifier  to /ic.ac.uk.itl/target/classes
2019-08-21 15:03:12,067 [Worker-17: Building workspace] INFO  o.e.m.c.i.p.WorkspaceClassifierResolverManager - Resolving P/ic.ac.uk.itl.ide: ic.ac.uk.itl:ic.ac.uk.itl.ide:1.0.0-SNAPSHOT with classifier  to /ic.ac.uk.itl.ide/target/classes
2019-08-21 15:03:12,605 [Worker-17: Building workspace] INFO  o.e.m.c.i.p.WorkspaceClassifierResolverManager - Resolving P/ic.ac.uk.itl: ic.ac.uk.itl:ic.ac.uk.itl:1.0.0-SNAPSHOT with classifier  to /ic.ac.uk.itl/target/classes
2019-08-21 15:03:12,605 [Worker-17: Building workspace] INFO  o.e.m.c.i.p.WorkspaceClassifierResolverManager - Resolving P/ic.ac.uk.itl.ide: ic.ac.uk.itl:ic.ac.uk.itl.ide:1.0.0-SNAPSHOT with classifier  to /ic.ac.uk.itl.ide/target/classes
2019-08-21 15:08:11,491 [Worker-28: Building workspace] INFO  o.e.m.c.i.p.WorkspaceClassifierResolverManager - Resolving P/ic.ac.uk.itl: ic.ac.uk.itl:ic.ac.uk.itl:1.0.0-SNAPSHOT with classifier  to /ic.ac.uk.itl/target/classes
2019-08-21 15:08:11,492 [Worker-28: Building workspace] INFO  o.e.m.c.i.p.WorkspaceClassifierResolverManager - Resolving P/ic.ac.uk.itl.ide: ic.ac.uk.itl:ic.ac.uk.itl.ide:1.0.0-SNAPSHOT with classifier  to /ic.ac.uk.itl.ide/target/classes
2019-08-21 15:08:11,875 [Worker-28: Building workspace] INFO  o.e.m.c.i.p.WorkspaceClassifierResolverManager - Resolving P/ic.ac.uk.itl: ic.ac.uk.itl:ic.ac.uk.itl:1.0.0-SNAPSHOT with classifier  to /ic.ac.uk.itl/target/classes
2019-08-21 15:08:11,875 [Worker-28: Building workspace] INFO  o.e.m.c.i.p.WorkspaceClassifierResolverManager - Resolving P/ic.ac.uk.itl.ide: ic.ac.uk.itl:ic.ac.uk.itl.ide:1.0.0-SNAPSHOT with classifier  to /ic.ac.uk.itl.ide/target/classes
2019-08-21 15:11:14,249 [Worker-29: Building workspace] INFO  o.e.m.c.i.p.WorkspaceClassifierResolverManager - Resolving P/ic.ac.uk.itl: ic.ac.uk.itl:ic.ac.uk.itl:1.0.0-SNAPSHOT with classifier  to /ic.ac.uk.itl/target/classes
2019-08-21 15:11:14,251 [Worker-29: Building workspace] INFO  o.e.m.c.i.p.WorkspaceClassifierResolverManager - Resolving P/ic.ac.uk.itl.ide: ic.ac.uk.itl:ic.ac.uk.itl.ide:1.0.0-SNAPSHOT with classifier  to /ic.ac.uk.itl.ide/target/classes
2019-08-21 15:11:14,733 [Worker-29: Building workspace] INFO  o.e.m.c.i.p.WorkspaceClassifierResolverManager - Resolving P/ic.ac.uk.itl: ic.ac.uk.itl:ic.ac.uk.itl:1.0.0-SNAPSHOT with classifier  to /ic.ac.uk.itl/target/classes
2019-08-21 15:11:14,733 [Worker-29: Building workspace] INFO  o.e.m.c.i.p.WorkspaceClassifierResolverManager - Resolving P/ic.ac.uk.itl.ide: ic.ac.uk.itl:ic.ac.uk.itl.ide:1.0.0-SNAPSHOT with classifier  to /ic.ac.uk.itl.ide/target/classes
2019-08-21 15:11:21,558 [Worker-33: Launching ServerLauncher] INFO  o.e.m.c.i.p.WorkspaceClassifierResolverManager - Resolving P/ic.ac.uk.itl: ic.ac.uk.itl:ic.ac.uk.itl:1.0.0-SNAPSHOT with classifier null to /ic.ac.uk.itl/target/classes
2019-08-21 15:11:21,558 [Worker-33: Launching ServerLauncher] INFO  o.e.m.c.i.p.WorkspaceClassifierResolverManager - Resolving P/ic.ac.uk.itl.ide: ic.ac.uk.itl:ic.ac.uk.itl.ide:1.0.0-SNAPSHOT with classifier null to /ic.ac.uk.itl.ide/target/classes
2019-08-21 15:11:21,721 [Worker-33: Launching ServerLauncher] INFO  o.e.m.c.i.p.WorkspaceClassifierResolverManager - Resolving P/ic.ac.uk.itl: ic.ac.uk.itl:ic.ac.uk.itl:1.0.0-SNAPSHOT with classifier null to /ic.ac.uk.itl/target/classes
2019-08-21 15:11:21,721 [Worker-33: Launching ServerLauncher] INFO  o.e.m.c.i.p.WorkspaceClassifierResolverManager - Resolving P/ic.ac.uk.itl.ide: ic.ac.uk.itl:ic.ac.uk.itl.ide:1.0.0-SNAPSHOT with classifier null to /ic.ac.uk.itl.ide/target/classes
2019-08-21 15:11:21,873 [Worker-33: Launching ServerLauncher] INFO  o.e.m.c.i.p.WorkspaceClassifierResolverManager - Resolving P/ic.ac.uk.itl: ic.ac.uk.itl:ic.ac.uk.itl:1.0.0-SNAPSHOT with classifier null to /ic.ac.uk.itl/target/classes
2019-08-21 15:11:21,873 [Worker-33: Launching ServerLauncher] INFO  o.e.m.c.i.p.WorkspaceClassifierResolverManager - Resolving P/ic.ac.uk.itl.ide: ic.ac.uk.itl:ic.ac.uk.itl.ide:1.0.0-SNAPSHOT with classifier null to /ic.ac.uk.itl.ide/target/classes
2019-08-21 15:36:05,303 [Worker-41: Building workspace] INFO  o.e.m.c.i.p.WorkspaceClassifierResolverManager - Resolving P/ic.ac.uk.itl: ic.ac.uk.itl:ic.ac.uk.itl:1.0.0-SNAPSHOT with classifier  to /ic.ac.uk.itl/target/classes
2019-08-21 15:36:05,304 [Worker-41: Building workspace] INFO  o.e.m.c.i.p.WorkspaceClassifierResolverManager - Resolving P/ic.ac.uk.itl.ide: ic.ac.uk.itl:ic.ac.uk.itl.ide:1.0.0-SNAPSHOT with classifier  to /ic.ac.uk.itl.ide/target/classes
2019-08-21 15:36:05,700 [Worker-41: Building workspace] INFO  o.e.m.c.i.p.WorkspaceClassifierResolverManager - Resolving P/ic.ac.uk.itl: ic.ac.uk.itl:ic.ac.uk.itl:1.0.0-SNAPSHOT with classifier  to /ic.ac.uk.itl/target/classes
2019-08-21 15:36:05,701 [Worker-41: Building workspace] INFO  o.e.m.c.i.p.WorkspaceClassifierResolverManager - Resolving P/ic.ac.uk.itl.ide: ic.ac.uk.itl:ic.ac.uk.itl.ide:1.0.0-SNAPSHOT with classifier  to /ic.ac.uk.itl.ide/target/classes
2019-08-21 15:38:50,546 [Worker-47: Building workspace] INFO  o.e.m.c.i.p.WorkspaceClassifierResolverManager - Resolving P/ic.ac.uk.itl: ic.ac.uk.itl:ic.ac.uk.itl:1.0.0-SNAPSHOT with classifier  to /ic.ac.uk.itl/target/classes
2019-08-21 15:38:50,547 [Worker-47: Building workspace] INFO  o.e.m.c.i.p.WorkspaceClassifierResolverManager - Resolving P/ic.ac.uk.itl.ide: ic.ac.uk.itl:ic.ac.uk.itl.ide:1.0.0-SNAPSHOT with classifier  to /ic.ac.uk.itl.ide/target/classes
2019-08-21 15:38:52,835 [Worker-47: Building workspace] INFO  o.e.m.c.i.p.WorkspaceClassifierResolverManager - Resolving P/ic.ac.uk.itl: ic.ac.uk.itl:ic.ac.uk.itl:1.0.0-SNAPSHOT with classifier  to /ic.ac.uk.itl/target/classes
2019-08-21 15:38:52,836 [Worker-47: Building workspace] INFO  o.e.m.c.i.p.WorkspaceClassifierResolverManager - Resolving P/ic.ac.uk.itl.ide: ic.ac.uk.itl:ic.ac.uk.itl.ide:1.0.0-SNAPSHOT with classifier  to /ic.ac.uk.itl.ide/target/classes
2019-08-21 15:39:25,203 [Worker-37: Building workspace] INFO  o.e.m.c.i.p.WorkspaceClassifierResolverManager - Resolving P/ic.ac.uk.itl: ic.ac.uk.itl:ic.ac.uk.itl:1.0.0-SNAPSHOT with classifier  to /ic.ac.uk.itl/target/classes
2019-08-21 15:39:25,204 [Worker-37: Building workspace] INFO  o.e.m.c.i.p.WorkspaceClassifierResolverManager - Resolving P/ic.ac.uk.itl.ide: ic.ac.uk.itl:ic.ac.uk.itl.ide:1.0.0-SNAPSHOT with classifier  to /ic.ac.uk.itl.ide/target/classes
2019-08-21 15:39:26,081 [Worker-37: Building workspace] INFO  o.e.m.c.i.p.WorkspaceClassifierResolverManager - Resolving P/ic.ac.uk.itl: ic.ac.uk.itl:ic.ac.uk.itl:1.0.0-SNAPSHOT with classifier  to /ic.ac.uk.itl/target/classes
2019-08-21 15:39:26,082 [Worker-37: Building workspace] INFO  o.e.m.c.i.p.WorkspaceClassifierResolverManager - Resolving P/ic.ac.uk.itl.ide: ic.ac.uk.itl:ic.ac.uk.itl.ide:1.0.0-SNAPSHOT with classifier  to /ic.ac.uk.itl.ide/target/classes
2019-08-21 15:43:07,196 [Worker-49: Building workspace] INFO  o.e.m.c.i.p.WorkspaceClassifierResolverManager - Resolving P/ic.ac.uk.itl: ic.ac.uk.itl:ic.ac.uk.itl:1.0.0-SNAPSHOT with classifier  to /ic.ac.uk.itl/target/classes
2019-08-21 15:43:07,197 [Worker-49: Building workspace] INFO  o.e.m.c.i.p.WorkspaceClassifierResolverManager - Resolving P/ic.ac.uk.itl.ide: ic.ac.uk.itl:ic.ac.uk.itl.ide:1.0.0-SNAPSHOT with classifier  to /ic.ac.uk.itl.ide/target/classes
2019-08-21 15:43:07,679 [Worker-49: Building workspace] INFO  o.e.m.c.i.p.WorkspaceClassifierResolverManager - Resolving P/ic.ac.uk.itl: ic.ac.uk.itl:ic.ac.uk.itl:1.0.0-SNAPSHOT with classifier  to /ic.ac.uk.itl/target/classes
2019-08-21 15:43:07,680 [Worker-49: Building workspace] INFO  o.e.m.c.i.p.WorkspaceClassifierResolverManager - Resolving P/ic.ac.uk.itl.ide: ic.ac.uk.itl:ic.ac.uk.itl.ide:1.0.0-SNAPSHOT with classifier  to /ic.ac.uk.itl.ide/target/classes
2019-08-21 16:07:24,589 [Worker-61: Building workspace] INFO  o.e.m.c.i.p.WorkspaceClassifierResolverManager - Resolving P/ic.ac.uk.itl: ic.ac.uk.itl:ic.ac.uk.itl:1.0.0-SNAPSHOT with classifier  to /ic.ac.uk.itl/target/classes
2019-08-21 16:07:24,590 [Worker-61: Building workspace] INFO  o.e.m.c.i.p.WorkspaceClassifierResolverManager - Resolving P/ic.ac.uk.itl.ide: ic.ac.uk.itl:ic.ac.uk.itl.ide:1.0.0-SNAPSHOT with classifier  to /ic.ac.uk.itl.ide/target/classes
2019-08-21 16:07:25,234 [Worker-61: Building workspace] INFO  o.e.m.c.i.p.WorkspaceClassifierResolverManager - Resolving P/ic.ac.uk.itl: ic.ac.uk.itl:ic.ac.uk.itl:1.0.0-SNAPSHOT with classifier  to /ic.ac.uk.itl/target/classes
2019-08-21 16:07:25,234 [Worker-61: Building workspace] INFO  o.e.m.c.i.p.WorkspaceClassifierResolverManager - Resolving P/ic.ac.uk.itl.ide: ic.ac.uk.itl:ic.ac.uk.itl.ide:1.0.0-SNAPSHOT with classifier  to /ic.ac.uk.itl.ide/target/classes
2019-08-22 15:57:02,145 [Worker-1: Loading available Gradle versions] INFO  o.e.b.c.i.u.g.PublishedGradleVersions - Gradle version information cache is up-to-date. Trying to read.
2019-08-22 16:07:15,032 [Worker-16: Building workspace] INFO  o.e.m.c.i.p.WorkspaceClassifierResolverManager - Resolving P/ic.ac.uk.itl: ic.ac.uk.itl:ic.ac.uk.itl:1.0.0-SNAPSHOT with classifier  to /ic.ac.uk.itl/target/classes
2019-08-22 16:07:15,038 [Worker-16: Building workspace] INFO  o.e.m.c.i.p.WorkspaceClassifierResolverManager - Resolving P/ic.ac.uk.itl.ide: ic.ac.uk.itl:ic.ac.uk.itl.ide:1.0.0-SNAPSHOT with classifier  to /ic.ac.uk.itl.ide/target/classes
2019-08-22 16:07:24,620 [Worker-15: Launching ServerLauncher] INFO  o.e.m.c.i.p.WorkspaceClassifierResolverManager - Resolving P/ic.ac.uk.itl: ic.ac.uk.itl:ic.ac.uk.itl:1.0.0-SNAPSHOT with classifier null to /ic.ac.uk.itl/target/classes
2019-08-22 16:07:24,622 [Worker-15: Launching ServerLauncher] INFO  o.e.m.c.i.p.WorkspaceClassifierResolverManager - Resolving P/ic.ac.uk.itl.ide: ic.ac.uk.itl:ic.ac.uk.itl.ide:1.0.0-SNAPSHOT with classifier null to /ic.ac.uk.itl.ide/target/classes
2019-08-22 16:07:25,300 [Worker-15: Launching ServerLauncher] INFO  o.e.m.c.i.p.WorkspaceClassifierResolverManager - Resolving P/ic.ac.uk.itl: ic.ac.uk.itl:ic.ac.uk.itl:1.0.0-SNAPSHOT with classifier null to /ic.ac.uk.itl/target/classes
2019-08-22 16:07:25,300 [Worker-15: Launching ServerLauncher] INFO  o.e.m.c.i.p.WorkspaceClassifierResolverManager - Resolving P/ic.ac.uk.itl.ide: ic.ac.uk.itl:ic.ac.uk.itl.ide:1.0.0-SNAPSHOT with classifier null to /ic.ac.uk.itl.ide/target/classes
2019-08-22 16:07:25,794 [Worker-15: Launching ServerLauncher] INFO  o.e.m.c.i.p.WorkspaceClassifierResolverManager - Resolving P/ic.ac.uk.itl: ic.ac.uk.itl:ic.ac.uk.itl:1.0.0-SNAPSHOT with classifier null to /ic.ac.uk.itl/target/classes
2019-08-22 16:07:25,794 [Worker-15: Launching ServerLauncher] INFO  o.e.m.c.i.p.WorkspaceClassifierResolverManager - Resolving P/ic.ac.uk.itl.ide: ic.ac.uk.itl:ic.ac.uk.itl.ide:1.0.0-SNAPSHOT with classifier null to /ic.ac.uk.itl.ide/target/classes
2019-08-28 12:55:53,670 [Worker-37: Building workspace] INFO  o.e.m.c.i.p.WorkspaceClassifierResolverManager - Resolving P/ic.ac.uk.itl: ic.ac.uk.itl:ic.ac.uk.itl:1.0.0-SNAPSHOT with classifier  to /ic.ac.uk.itl/target/classes
2019-08-28 12:55:53,670 [Worker-37: Building workspace] INFO  o.e.m.c.i.p.WorkspaceClassifierResolverManager - Resolving P/ic.ac.uk.itl.ide: ic.ac.uk.itl:ic.ac.uk.itl.ide:1.0.0-SNAPSHOT with classifier  to /ic.ac.uk.itl.ide/target/classes
2019-08-28 12:55:56,686 [Worker-37: Building workspace] INFO  o.e.m.c.i.p.WorkspaceClassifierResolverManager - Resolving P/ic.ac.uk.itl: ic.ac.uk.itl:ic.ac.uk.itl:1.0.0-SNAPSHOT with classifier  to /ic.ac.uk.itl/target/classes
2019-08-28 12:55:56,686 [Worker-37: Building workspace] INFO  o.e.m.c.i.p.WorkspaceClassifierResolverManager - Resolving P/ic.ac.uk.itl.ide: ic.ac.uk.itl:ic.ac.uk.itl.ide:1.0.0-SNAPSHOT with classifier  to /ic.ac.uk.itl.ide/target/classes
2019-08-28 12:58:51,516 [Worker-38: Building workspace] INFO  o.e.m.c.i.p.WorkspaceClassifierResolverManager - Resolving P/ic.ac.uk.itl: ic.ac.uk.itl:ic.ac.uk.itl:1.0.0-SNAPSHOT with classifier  to /ic.ac.uk.itl/target/classes
2019-08-28 12:58:51,517 [Worker-38: Building workspace] INFO  o.e.m.c.i.p.WorkspaceClassifierResolverManager - Resolving P/ic.ac.uk.itl.ide: ic.ac.uk.itl:ic.ac.uk.itl.ide:1.0.0-SNAPSHOT with classifier  to /ic.ac.uk.itl.ide/target/classes
2019-08-28 12:58:51,863 [Worker-38: Building workspace] INFO  o.e.m.c.i.p.WorkspaceClassifierResolverManager - Resolving P/ic.ac.uk.itl: ic.ac.uk.itl:ic.ac.uk.itl:1.0.0-SNAPSHOT with classifier  to /ic.ac.uk.itl/target/classes
2019-08-28 12:58:51,863 [Worker-38: Building workspace] INFO  o.e.m.c.i.p.WorkspaceClassifierResolverManager - Resolving P/ic.ac.uk.itl.ide: ic.ac.uk.itl:ic.ac.uk.itl.ide:1.0.0-SNAPSHOT with classifier  to /ic.ac.uk.itl.ide/target/classes
2019-08-28 13:00:57,038 [Worker-34: Building workspace] INFO  o.e.m.c.i.p.WorkspaceClassifierResolverManager - Resolving P/ic.ac.uk.itl: ic.ac.uk.itl:ic.ac.uk.itl:1.0.0-SNAPSHOT with classifier  to /ic.ac.uk.itl/target/classes
2019-08-28 13:00:57,040 [Worker-34: Building workspace] INFO  o.e.m.c.i.p.WorkspaceClassifierResolverManager - Resolving P/ic.ac.uk.itl.ide: ic.ac.uk.itl:ic.ac.uk.itl.ide:1.0.0-SNAPSHOT with classifier  to /ic.ac.uk.itl.ide/target/classes
2019-08-28 13:00:57,508 [Worker-34: Building workspace] INFO  o.e.m.c.i.p.WorkspaceClassifierResolverManager - Resolving P/ic.ac.uk.itl: ic.ac.uk.itl:ic.ac.uk.itl:1.0.0-SNAPSHOT with classifier  to /ic.ac.uk.itl/target/classes
2019-08-28 13:00:57,508 [Worker-34: Building workspace] INFO  o.e.m.c.i.p.WorkspaceClassifierResolverManager - Resolving P/ic.ac.uk.itl.ide: ic.ac.uk.itl:ic.ac.uk.itl.ide:1.0.0-SNAPSHOT with classifier  to /ic.ac.uk.itl.ide/target/classes
2019-08-29 21:40:23,819 [Worker-9: Loading available Gradle versions] INFO  o.e.b.c.i.u.g.PublishedGradleVersions - Gradle version information cache is out-of-date. Trying to update.
2019-08-29 21:43:00,184 [Worker-8: Building workspace] INFO  o.e.m.c.i.p.WorkspaceClassifierResolverManager - Resolving P/ic.ac.uk.itl: ic.ac.uk.itl:ic.ac.uk.itl:1.0.0-SNAPSHOT with classifier  to /ic.ac.uk.itl/target/classes
2019-08-29 21:43:00,185 [Worker-8: Building workspace] INFO  o.e.m.c.i.p.WorkspaceClassifierResolverManager - Resolving P/ic.ac.uk.itl.ide: ic.ac.uk.itl:ic.ac.uk.itl.ide:1.0.0-SNAPSHOT with classifier  to /ic.ac.uk.itl.ide/target/classes
2019-08-29 21:45:22,353 [Worker-7: Launching ServerLauncher] INFO  o.e.m.c.i.p.WorkspaceClassifierResolverManager - Resolving P/ic.ac.uk.itl: ic.ac.uk.itl:ic.ac.uk.itl:1.0.0-SNAPSHOT with classifier null to /ic.ac.uk.itl/target/classes
2019-08-29 21:45:22,356 [Worker-7: Launching ServerLauncher] INFO  o.e.m.c.i.p.WorkspaceClassifierResolverManager - Resolving P/ic.ac.uk.itl.ide: ic.ac.uk.itl:ic.ac.uk.itl.ide:1.0.0-SNAPSHOT with classifier null to /ic.ac.uk.itl.ide/target/classes
2019-08-29 21:45:22,680 [Worker-7: Launching ServerLauncher] INFO  o.e.m.c.i.p.WorkspaceClassifierResolverManager - Resolving P/ic.ac.uk.itl: ic.ac.uk.itl:ic.ac.uk.itl:1.0.0-SNAPSHOT with classifier null to /ic.ac.uk.itl/target/classes
2019-08-29 21:45:22,681 [Worker-7: Launching ServerLauncher] INFO  o.e.m.c.i.p.WorkspaceClassifierResolverManager - Resolving P/ic.ac.uk.itl.ide: ic.ac.uk.itl:ic.ac.uk.itl.ide:1.0.0-SNAPSHOT with classifier null to /ic.ac.uk.itl.ide/target/classes
2019-08-29 21:45:22,892 [Worker-7: Launching ServerLauncher] INFO  o.e.m.c.i.p.WorkspaceClassifierResolverManager - Resolving P/ic.ac.uk.itl: ic.ac.uk.itl:ic.ac.uk.itl:1.0.0-SNAPSHOT with classifier null to /ic.ac.uk.itl/target/classes
2019-08-29 21:45:22,893 [Worker-7: Launching ServerLauncher] INFO  o.e.m.c.i.p.WorkspaceClassifierResolverManager - Resolving P/ic.ac.uk.itl.ide: ic.ac.uk.itl:ic.ac.uk.itl.ide:1.0.0-SNAPSHOT with classifier null to /ic.ac.uk.itl.ide/target/classes
2019-08-29 21:48:27,360 [Worker-15: Launching ServerLauncher] INFO  o.e.m.c.i.p.WorkspaceClassifierResolverManager - Resolving P/ic.ac.uk.itl: ic.ac.uk.itl:ic.ac.uk.itl:1.0.0-SNAPSHOT with classifier null to /ic.ac.uk.itl/target/classes
2019-08-29 21:48:27,361 [Worker-15: Launching ServerLauncher] INFO  o.e.m.c.i.p.WorkspaceClassifierResolverManager - Resolving P/ic.ac.uk.itl.ide: ic.ac.uk.itl:ic.ac.uk.itl.ide:1.0.0-SNAPSHOT with classifier null to /ic.ac.uk.itl.ide/target/classes
2019-08-29 21:48:27,593 [Worker-15: Launching ServerLauncher] INFO  o.e.m.c.i.p.WorkspaceClassifierResolverManager - Resolving P/ic.ac.uk.itl: ic.ac.uk.itl:ic.ac.uk.itl:1.0.0-SNAPSHOT with classifier null to /ic.ac.uk.itl/target/classes
2019-08-29 21:48:27,594 [Worker-15: Launching ServerLauncher] INFO  o.e.m.c.i.p.WorkspaceClassifierResolverManager - Resolving P/ic.ac.uk.itl.ide: ic.ac.uk.itl:ic.ac.uk.itl.ide:1.0.0-SNAPSHOT with classifier null to /ic.ac.uk.itl.ide/target/classes
2019-08-29 21:48:27,765 [Worker-15: Launching ServerLauncher] INFO  o.e.m.c.i.p.WorkspaceClassifierResolverManager - Resolving P/ic.ac.uk.itl: ic.ac.uk.itl:ic.ac.uk.itl:1.0.0-SNAPSHOT with classifier null to /ic.ac.uk.itl/target/classes
2019-08-29 21:48:27,766 [Worker-15: Launching ServerLauncher] INFO  o.e.m.c.i.p.WorkspaceClassifierResolverManager - Resolving P/ic.ac.uk.itl.ide: ic.ac.uk.itl:ic.ac.uk.itl.ide:1.0.0-SNAPSHOT with classifier null to /ic.ac.uk.itl.ide/target/classes
2019-08-29 21:48:48,526 [Worker-7: Launching ServerLauncher] INFO  o.e.m.c.i.p.WorkspaceClassifierResolverManager - Resolving P/ic.ac.uk.itl: ic.ac.uk.itl:ic.ac.uk.itl:1.0.0-SNAPSHOT with classifier null to /ic.ac.uk.itl/target/classes
2019-08-29 21:48:48,529 [Worker-7: Launching ServerLauncher] INFO  o.e.m.c.i.p.WorkspaceClassifierResolverManager - Resolving P/ic.ac.uk.itl.ide: ic.ac.uk.itl:ic.ac.uk.itl.ide:1.0.0-SNAPSHOT with classifier null to /ic.ac.uk.itl.ide/target/classes
2019-08-29 21:48:48,659 [Worker-7: Launching ServerLauncher] INFO  o.e.m.c.i.p.WorkspaceClassifierResolverManager - Resolving P/ic.ac.uk.itl: ic.ac.uk.itl:ic.ac.uk.itl:1.0.0-SNAPSHOT with classifier null to /ic.ac.uk.itl/target/classes
2019-08-29 21:48:48,659 [Worker-7: Launching ServerLauncher] INFO  o.e.m.c.i.p.WorkspaceClassifierResolverManager - Resolving P/ic.ac.uk.itl.ide: ic.ac.uk.itl:ic.ac.uk.itl.ide:1.0.0-SNAPSHOT with classifier null to /ic.ac.uk.itl.ide/target/classes
2019-08-29 21:48:48,771 [Worker-7: Launching ServerLauncher] INFO  o.e.m.c.i.p.WorkspaceClassifierResolverManager - Resolving P/ic.ac.uk.itl: ic.ac.uk.itl:ic.ac.uk.itl:1.0.0-SNAPSHOT with classifier null to /ic.ac.uk.itl/target/classes
2019-08-29 21:48:48,771 [Worker-7: Launching ServerLauncher] INFO  o.e.m.c.i.p.WorkspaceClassifierResolverManager - Resolving P/ic.ac.uk.itl.ide: ic.ac.uk.itl:ic.ac.uk.itl.ide:1.0.0-SNAPSHOT with classifier null to /ic.ac.uk.itl.ide/target/classes
2019-08-29 22:19:03,926 [Worker-30: Launching ServerLauncher] INFO  o.e.m.c.i.p.WorkspaceClassifierResolverManager - Resolving P/ic.ac.uk.itl: ic.ac.uk.itl:ic.ac.uk.itl:1.0.0-SNAPSHOT with classifier null to /ic.ac.uk.itl/target/classes
2019-08-29 22:19:03,927 [Worker-30: Launching ServerLauncher] INFO  o.e.m.c.i.p.WorkspaceClassifierResolverManager - Resolving P/ic.ac.uk.itl.ide: ic.ac.uk.itl:ic.ac.uk.itl.ide:1.0.0-SNAPSHOT with classifier null to /ic.ac.uk.itl.ide/target/classes
2019-08-29 22:19:04,182 [Worker-30: Launching ServerLauncher] INFO  o.e.m.c.i.p.WorkspaceClassifierResolverManager - Resolving P/ic.ac.uk.itl: ic.ac.uk.itl:ic.ac.uk.itl:1.0.0-SNAPSHOT with classifier null to /ic.ac.uk.itl/target/classes
2019-08-29 22:19:04,183 [Worker-30: Launching ServerLauncher] INFO  o.e.m.c.i.p.WorkspaceClassifierResolverManager - Resolving P/ic.ac.uk.itl.ide: ic.ac.uk.itl:ic.ac.uk.itl.ide:1.0.0-SNAPSHOT with classifier null to /ic.ac.uk.itl.ide/target/classes
2019-08-29 22:19:04,412 [Worker-30: Launching ServerLauncher] INFO  o.e.m.c.i.p.WorkspaceClassifierResolverManager - Resolving P/ic.ac.uk.itl: ic.ac.uk.itl:ic.ac.uk.itl:1.0.0-SNAPSHOT with classifier null to /ic.ac.uk.itl/target/classes
2019-08-29 22:19:04,412 [Worker-30: Launching ServerLauncher] INFO  o.e.m.c.i.p.WorkspaceClassifierResolverManager - Resolving P/ic.ac.uk.itl.ide: ic.ac.uk.itl:ic.ac.uk.itl.ide:1.0.0-SNAPSHOT with classifier null to /ic.ac.uk.itl.ide/target/classes
2019-08-29 22:19:37,574 [Worker-17: Launching ServerLauncher] INFO  o.e.m.c.i.p.WorkspaceClassifierResolverManager - Resolving P/ic.ac.uk.itl: ic.ac.uk.itl:ic.ac.uk.itl:1.0.0-SNAPSHOT with classifier null to /ic.ac.uk.itl/target/classes
2019-08-29 22:19:37,579 [Worker-17: Launching ServerLauncher] INFO  o.e.m.c.i.p.WorkspaceClassifierResolverManager - Resolving P/ic.ac.uk.itl.ide: ic.ac.uk.itl:ic.ac.uk.itl.ide:1.0.0-SNAPSHOT with classifier null to /ic.ac.uk.itl.ide/target/classes
2019-08-29 22:19:37,738 [Worker-17: Launching ServerLauncher] INFO  o.e.m.c.i.p.WorkspaceClassifierResolverManager - Resolving P/ic.ac.uk.itl: ic.ac.uk.itl:ic.ac.uk.itl:1.0.0-SNAPSHOT with classifier null to /ic.ac.uk.itl/target/classes
2019-08-29 22:19:37,738 [Worker-17: Launching ServerLauncher] INFO  o.e.m.c.i.p.WorkspaceClassifierResolverManager - Resolving P/ic.ac.uk.itl.ide: ic.ac.uk.itl:ic.ac.uk.itl.ide:1.0.0-SNAPSHOT with classifier null to /ic.ac.uk.itl.ide/target/classes
2019-08-29 22:19:37,910 [Worker-17: Launching ServerLauncher] INFO  o.e.m.c.i.p.WorkspaceClassifierResolverManager - Resolving P/ic.ac.uk.itl: ic.ac.uk.itl:ic.ac.uk.itl:1.0.0-SNAPSHOT with classifier null to /ic.ac.uk.itl/target/classes
2019-08-29 22:19:37,910 [Worker-17: Launching ServerLauncher] INFO  o.e.m.c.i.p.WorkspaceClassifierResolverManager - Resolving P/ic.ac.uk.itl.ide: ic.ac.uk.itl:ic.ac.uk.itl.ide:1.0.0-SNAPSHOT with classifier null to /ic.ac.uk.itl.ide/target/classes
